f:\school\bcit\btech\term4\advancedprogramming\assignment1\assignment1\debug\vc141.pdb
f:\school\bcit\btech\term4\advancedprogramming\assignment1\assignment1\debug\vc141.idb
f:\school\bcit\btech\term4\advancedprogramming\assignment1\assignment1\debug\assignment1.obj
f:\school\bcit\btech\term4\advancedprogramming\assignment1\assignment1\debug\question1.obj
f:\school\bcit\btech\term4\advancedprogramming\assignment1\assignment1\debug\question2.obj
f:\school\bcit\btech\term4\advancedprogramming\assignment1\assignment1\debug\question7.obj
f:\school\bcit\btech\term4\advancedprogramming\assignment1\assignment1\debug\question8.obj
f:\school\bcit\btech\term4\advancedprogramming\assignment1\assignment1\debug\question9.obj
f:\school\bcit\btech\term4\advancedprogramming\assignment1\assignment1\debug\rectangle.obj
f:\school\bcit\btech\term4\advancedprogramming\assignment1\assignment1\debug\question5.obj
f:\school\bcit\btech\term4\advancedprogramming\assignment1\debug\assignment1.ilk
f:\school\bcit\btech\term4\advancedprogramming\assignment1\debug\assignment1.exe
f:\school\bcit\btech\term4\advancedprogramming\assignment1\debug\assignment1.pdb
f:\school\bcit\btech\term4\advancedprogramming\assignment1\assignment1\debug\assignment1.tlog\cl.command.1.tlog
f:\school\bcit\btech\term4\advancedprogramming\assignment1\assignment1\debug\assignment1.tlog\cl.read.1.tlog
f:\school\bcit\btech\term4\advancedprogramming\assignment1\assignment1\debug\assignment1.tlog\cl.write.1.tlog
f:\school\bcit\btech\term4\advancedprogramming\assignment1\assignment1\debug\assignment1.tlog\link.15356-cvtres.read.1.tlog
f:\school\bcit\btech\term4\advancedprogramming\assignment1\assignment1\debug\assignment1.tlog\link.15356-cvtres.write.1.tlog
f:\school\bcit\btech\term4\advancedprogramming\assignment1\assignment1\debug\assignment1.tlog\link.15356-rc.read.1.tlog
f:\school\bcit\btech\term4\advancedprogramming\assignment1\assignment1\debug\assignment1.tlog\link.15356-rc.write.1.tlog
f:\school\bcit\btech\term4\advancedprogramming\assignment1\assignment1\debug\assignment1.tlog\link.15356.read.1.tlog
f:\school\bcit\btech\term4\advancedprogramming\assignment1\assignment1\debug\assignment1.tlog\link.15356.write.1.tlog
f:\school\bcit\btech\term4\advancedprogramming\assignment1\assignment1\debug\assignment1.tlog\link.command.1.tlog
f:\school\bcit\btech\term4\advancedprogramming\assignment1\assignment1\debug\assignment1.tlog\link.read.1.tlog
f:\school\bcit\btech\term4\advancedprogramming\assignment1\assignment1\debug\assignment1.tlog\link.write.1.tlog
